{"numFailedTestSuites":1,"numFailedTests":5,"numPassedTestSuites":0,"numPassedTests":0,"numPendingTestSuites":0,"numPendingTests":0,"numRuntimeErrorTestSuites":0,"numTodoTests":0,"numTotalTestSuites":1,"numTotalTests":5,"openHandles":[],"snapshot":{"added":0,"didUpdate":false,"failure":false,"filesAdded":0,"filesRemoved":0,"filesRemovedList":[],"filesUnmatched":0,"filesUpdated":0,"matched":0,"total":0,"unchecked":0,"uncheckedKeysByFile":[],"unmatched":0,"updated":0},"startTime":1759332185513,"success":false,"testResults":[{"assertionResults":[{"ancestorTitles":["AuthService"],"duration":161,"failing":false,"failureDetails":[{"name":"TSError","diagnosticText":"\u001b[96msrc/services/auth.service.ts\u001b[0m:\u001b[93m5\u001b[0m:\u001b[93m23\u001b[0m - \u001b[91merror\u001b[0m\u001b[90m TS2307: \u001b[0mCannot find module '../errors/http.error' or its corresponding type declarations.\n\n\u001b[7m5\u001b[0m import HttpError from '../errors/http.error';\n\u001b[7m \u001b[0m \u001b[91m                      ~~~~~~~~~~~~~~~~~~~~~~\u001b[0m\n\u001b[96msrc/services/auth.service.ts\u001b[0m:\u001b[93m46\u001b[0m:\u001b[93m13\u001b[0m - \u001b[91merror\u001b[0m\u001b[90m TS2322: \u001b[0mType 'string' is not assignable to type 'number | StringValue | undefined'.\n\n\u001b[7m46\u001b[0m             expiresIn: this.jwtExpiresIn,\n\u001b[7m  \u001b[0m \u001b[91m            ~~~~~~~~~\u001b[0m\n\n  \u001b[96mnode_modules/@types/jsonwebtoken/index.d.ts\u001b[0m:\u001b[93m43\u001b[0m:\u001b[93m5\u001b[0m\n    \u001b[7m43\u001b[0m     expiresIn?: StringValue | number;\n    \u001b[7m  \u001b[0m \u001b[96m    ~~~~~~~~~\u001b[0m\n    The expected type comes from property 'expiresIn' which is declared here on type 'SignOptions'\n","diagnosticCodes":[2307,2322]}],"failureMessages":[""],"fullName":"AuthService registers a new user and returns token with sanitized user","invocations":1,"location":null,"numPassingAsserts":0,"retryReasons":[],"startAt":1759332189076,"status":"failed","title":"registers a new user and returns token with sanitized user"},{"ancestorTitles":["AuthService"],"duration":22,"failing":false,"failureDetails":[{"name":"TSError","diagnosticText":"\u001b[96msrc/services/auth.service.ts\u001b[0m:\u001b[93m5\u001b[0m:\u001b[93m23\u001b[0m - \u001b[91merror\u001b[0m\u001b[90m TS2307: \u001b[0mCannot find module '../errors/http.error' or its corresponding type declarations.\n\n\u001b[7m5\u001b[0m import HttpError from '../errors/http.error';\n\u001b[7m \u001b[0m \u001b[91m                      ~~~~~~~~~~~~~~~~~~~~~~\u001b[0m\n\u001b[96msrc/services/auth.service.ts\u001b[0m:\u001b[93m46\u001b[0m:\u001b[93m13\u001b[0m - \u001b[91merror\u001b[0m\u001b[90m TS2322: \u001b[0mType 'string' is not assignable to type 'number | StringValue | undefined'.\n\n\u001b[7m46\u001b[0m             expiresIn: this.jwtExpiresIn,\n\u001b[7m  \u001b[0m \u001b[91m            ~~~~~~~~~\u001b[0m\n\n  \u001b[96mnode_modules/@types/jsonwebtoken/index.d.ts\u001b[0m:\u001b[93m43\u001b[0m:\u001b[93m5\u001b[0m\n    \u001b[7m43\u001b[0m     expiresIn?: StringValue | number;\n    \u001b[7m  \u001b[0m \u001b[96m    ~~~~~~~~~\u001b[0m\n    The expected type comes from property 'expiresIn' which is declared here on type 'SignOptions'\n","diagnosticCodes":[2307,2322]}],"failureMessages":[""],"fullName":"AuthService throws conflict error when email already exists","invocations":1,"location":null,"numPassingAsserts":0,"retryReasons":[],"startAt":1759332189239,"status":"failed","title":"throws conflict error when email already exists"},{"ancestorTitles":["AuthService"],"duration":19,"failing":false,"failureDetails":[{"name":"TSError","diagnosticText":"\u001b[96msrc/services/auth.service.ts\u001b[0m:\u001b[93m5\u001b[0m:\u001b[93m23\u001b[0m - \u001b[91merror\u001b[0m\u001b[90m TS2307: \u001b[0mCannot find module '../errors/http.error' or its corresponding type declarations.\n\n\u001b[7m5\u001b[0m import HttpError from '../errors/http.error';\n\u001b[7m \u001b[0m \u001b[91m                      ~~~~~~~~~~~~~~~~~~~~~~\u001b[0m\n\u001b[96msrc/services/auth.service.ts\u001b[0m:\u001b[93m46\u001b[0m:\u001b[93m13\u001b[0m - \u001b[91merror\u001b[0m\u001b[90m TS2322: \u001b[0mType 'string' is not assignable to type 'number | StringValue | undefined'.\n\n\u001b[7m46\u001b[0m             expiresIn: this.jwtExpiresIn,\n\u001b[7m  \u001b[0m \u001b[91m            ~~~~~~~~~\u001b[0m\n\n  \u001b[96mnode_modules/@types/jsonwebtoken/index.d.ts\u001b[0m:\u001b[93m43\u001b[0m:\u001b[93m5\u001b[0m\n    \u001b[7m43\u001b[0m     expiresIn?: StringValue | number;\n    \u001b[7m  \u001b[0m \u001b[96m    ~~~~~~~~~\u001b[0m\n    The expected type comes from property 'expiresIn' which is declared here on type 'SignOptions'\n","diagnosticCodes":[2307,2322]}],"failureMessages":[""],"fullName":"AuthService authenticates a user with correct credentials","invocations":1,"location":null,"numPassingAsserts":0,"retryReasons":[],"startAt":1759332189262,"status":"failed","title":"authenticates a user with correct credentials"},{"ancestorTitles":["AuthService"],"duration":17,"failing":false,"failureDetails":[{"name":"TSError","diagnosticText":"\u001b[96msrc/services/auth.service.ts\u001b[0m:\u001b[93m5\u001b[0m:\u001b[93m23\u001b[0m - \u001b[91merror\u001b[0m\u001b[90m TS2307: \u001b[0mCannot find module '../errors/http.error' or its corresponding type declarations.\n\n\u001b[7m5\u001b[0m import HttpError from '../errors/http.error';\n\u001b[7m \u001b[0m \u001b[91m                      ~~~~~~~~~~~~~~~~~~~~~~\u001b[0m\n\u001b[96msrc/services/auth.service.ts\u001b[0m:\u001b[93m46\u001b[0m:\u001b[93m13\u001b[0m - \u001b[91merror\u001b[0m\u001b[90m TS2322: \u001b[0mType 'string' is not assignable to type 'number | StringValue | undefined'.\n\n\u001b[7m46\u001b[0m             expiresIn: this.jwtExpiresIn,\n\u001b[7m  \u001b[0m \u001b[91m            ~~~~~~~~~\u001b[0m\n\n  \u001b[96mnode_modules/@types/jsonwebtoken/index.d.ts\u001b[0m:\u001b[93m43\u001b[0m:\u001b[93m5\u001b[0m\n    \u001b[7m43\u001b[0m     expiresIn?: StringValue | number;\n    \u001b[7m  \u001b[0m \u001b[96m    ~~~~~~~~~\u001b[0m\n    The expected type comes from property 'expiresIn' which is declared here on type 'SignOptions'\n","diagnosticCodes":[2307,2322]}],"failureMessages":[""],"fullName":"AuthService throws unauthorized error when password does not match","invocations":1,"location":null,"numPassingAsserts":0,"retryReasons":[],"startAt":1759332189281,"status":"failed","title":"throws unauthorized error when password does not match"},{"ancestorTitles":["AuthService"],"duration":21,"failing":false,"failureDetails":[{"name":"TSError","diagnosticText":"\u001b[96msrc/services/auth.service.ts\u001b[0m:\u001b[93m5\u001b[0m:\u001b[93m23\u001b[0m - \u001b[91merror\u001b[0m\u001b[90m TS2307: \u001b[0mCannot find module '../errors/http.error' or its corresponding type declarations.\n\n\u001b[7m5\u001b[0m import HttpError from '../errors/http.error';\n\u001b[7m \u001b[0m \u001b[91m                      ~~~~~~~~~~~~~~~~~~~~~~\u001b[0m\n\u001b[96msrc/services/auth.service.ts\u001b[0m:\u001b[93m46\u001b[0m:\u001b[93m13\u001b[0m - \u001b[91merror\u001b[0m\u001b[90m TS2322: \u001b[0mType 'string' is not assignable to type 'number | StringValue | undefined'.\n\n\u001b[7m46\u001b[0m             expiresIn: this.jwtExpiresIn,\n\u001b[7m  \u001b[0m \u001b[91m            ~~~~~~~~~\u001b[0m\n\n  \u001b[96mnode_modules/@types/jsonwebtoken/index.d.ts\u001b[0m:\u001b[93m43\u001b[0m:\u001b[93m5\u001b[0m\n    \u001b[7m43\u001b[0m     expiresIn?: StringValue | number;\n    \u001b[7m  \u001b[0m \u001b[96m    ~~~~~~~~~\u001b[0m\n    The expected type comes from property 'expiresIn' which is declared here on type 'SignOptions'\n","diagnosticCodes":[2307,2322]}],"failureMessages":[""],"fullName":"AuthService verifies a valid token and returns payload data","invocations":1,"location":null,"numPassingAsserts":0,"retryReasons":[],"startAt":1759332189299,"status":"failed","title":"verifies a valid token and returns payload data"}],"endTime":1759332189339,"message":"  ● AuthService › registers a new user and returns token with sanitized user\n\n\n\n\n\n  ● AuthService › throws conflict error when email already exists\n\n\n\n\n\n  ● AuthService › authenticates a user with correct credentials\n\n\n\n\n\n  ● AuthService › throws unauthorized error when password does not match\n\n\n\n\n\n  ● AuthService › verifies a valid token and returns payload data\n\n\n\n\n","name":"D:\\VS Code\\PeopleSurveillance_v2\\tests\\unit\\auth.service.test.ts","startTime":1759332185658,"status":"failed","summary":""}],"wasInterrupted":false}
